[
    {
        "id": 1,
        "class_name": "1B",
        "family_name": "Szegedi",
        "first_name": "Anna",
        "birth_date": "2013-01-01",
        "birth_place": "Herend"
    },
    {
        "id": 2,
        "class_name": "1B",
        "family_name": "Kardos",
        "first_name": "Botond",
        "birth_date": "2013-02-02",
        "birth_place": "Sajkod"
    },
    {
        "id": 3,
        "class_name": "2B",
        "family_name": "Ender",
        "first_name": "Csaba",
        "birth_date": "2012-03-03",
        "birth_place": "Tihany"
    },
    {
        "id": 4,
        "class_name": "2B",
        "family_name": "Benedek",
        "first_name": "Dia",
        "birth_date": "2012-04-04",
        "birth_place": "Zirc"
    }
]
200
